This is pdfTeX, Version 3.1415926-2.4-1.40.13 (TeX Live 2012) (format=pdflatex 2012.6.30)  20 SEP 2014 16:10
entering extended mode
 restricted \write18 enabled.
 file:line:error style messages enabled.
 %&-line parsing enabled.
**Daily_report.tex
(./Daily_report.tex
LaTeX2e <2011/06/27>
Babel <v3.8m> and hyphenation patterns for english, dumylang, nohyphenation, ge
rman-x-2012-05-30, ngerman-x-2012-05-30, afrikaans, ancientgreek, ibycus, arabi
c, armenian, basque, bulgarian, catalan, pinyin, coptic, croatian, czech, danis
h, dutch, ukenglish, usenglishmax, esperanto, estonian, ethiopic, farsi, finnis
h, french, friulan, galician, german, ngerman, swissgerman, monogreek, greek, h
ungarian, icelandic, assamese, bengali, gujarati, hindi, kannada, malayalam, ma
rathi, oriya, panjabi, tamil, telugu, indonesian, interlingua, irish, italian, 
kurmanji, latin, latvian, lithuanian, mongolian, mongolianlmc, bokmal, nynorsk,
 polish, portuguese, romanian, romansh, russian, sanskrit, serbian, serbianc, s
lovak, slovenian, spanish, swedish, turkish, turkmen, ukrainian, uppersorbian, 
welsh, loaded.
(/usr/local/texlive/2012/texmf-dist/tex/latex/base/article.cls
Document Class: article 2007/10/19 v1.4h Standard LaTeX document class
(/usr/local/texlive/2012/texmf-dist/tex/latex/base/size12.clo
File: size12.clo 2007/10/19 v1.4h Standard LaTeX file (size option)
)
\c@part=\count79
\c@section=\count80
\c@subsection=\count81
\c@subsubsection=\count82
\c@paragraph=\count83
\c@subparagraph=\count84
\c@figure=\count85
\c@table=\count86
\abovecaptionskip=\skip41
\belowcaptionskip=\skip42
\bibindent=\dimen102
)
(/usr/local/texlive/2012/texmf-dist/tex/latex/geometry/geometry.sty
Package: geometry 2010/09/12 v5.6 Page Geometry

(/usr/local/texlive/2012/texmf-dist/tex/latex/graphics/keyval.sty
Package: keyval 1999/03/16 v1.13 key=value parser (DPC)
\KV@toks@=\toks14
)
(/usr/local/texlive/2012/texmf-dist/tex/generic/oberdiek/ifpdf.sty
Package: ifpdf 2011/01/30 v2.3 Provides the ifpdf switch (HO)
Package ifpdf Info: pdfTeX in PDF mode is detected.
)
(/usr/local/texlive/2012/texmf-dist/tex/generic/oberdiek/ifvtex.sty
Package: ifvtex 2010/03/01 v1.5 Detect VTeX and its facilities (HO)
Package ifvtex Info: VTeX not detected.
)
(/usr/local/texlive/2012/texmf-dist/tex/generic/ifxetex/ifxetex.sty
Package: ifxetex 2010/09/12 v0.6 Provides ifxetex conditional
)
\Gm@cnth=\count87
\Gm@cntv=\count88
\c@Gm@tempcnt=\count89
\Gm@bindingoffset=\dimen103
\Gm@wd@mp=\dimen104
\Gm@odd@mp=\dimen105
\Gm@even@mp=\dimen106
\Gm@layoutwidth=\dimen107
\Gm@layoutheight=\dimen108
\Gm@layouthoffset=\dimen109
\Gm@layoutvoffset=\dimen110
\Gm@dimlist=\toks15
)
(/usr/local/texlive/2012/texmf-dist/tex/latex/amsmath/amsmath.sty
Package: amsmath 2000/07/18 v2.13 AMS math features
\@mathmargin=\skip43

For additional information on amsmath, use the `?' option.
(/usr/local/texlive/2012/texmf-dist/tex/latex/amsmath/amstext.sty
Package: amstext 2000/06/29 v2.01

(/usr/local/texlive/2012/texmf-dist/tex/latex/amsmath/amsgen.sty
File: amsgen.sty 1999/11/30 v2.0
\@emptytoks=\toks16
\ex@=\dimen111
))
(/usr/local/texlive/2012/texmf-dist/tex/latex/amsmath/amsbsy.sty
Package: amsbsy 1999/11/29 v1.2d
\pmbraise@=\dimen112
)
(/usr/local/texlive/2012/texmf-dist/tex/latex/amsmath/amsopn.sty
Package: amsopn 1999/12/14 v2.01 operator names
)
\inf@bad=\count90
LaTeX Info: Redefining \frac on input line 211.
\uproot@=\count91
\leftroot@=\count92
LaTeX Info: Redefining \overline on input line 307.
\classnum@=\count93
\DOTSCASE@=\count94
LaTeX Info: Redefining \ldots on input line 379.
LaTeX Info: Redefining \dots on input line 382.
LaTeX Info: Redefining \cdots on input line 467.
\Mathstrutbox@=\box26
\strutbox@=\box27
\big@size=\dimen113
LaTeX Font Info:    Redeclaring font encoding OML on input line 567.
LaTeX Font Info:    Redeclaring font encoding OMS on input line 568.
\macc@depth=\count95
\c@MaxMatrixCols=\count96
\dotsspace@=\muskip10
\c@parentequation=\count97
\dspbrk@lvl=\count98
\tag@help=\toks17
\row@=\count99
\column@=\count100
\maxfields@=\count101
\andhelp@=\toks18
\eqnshift@=\dimen114
\alignsep@=\dimen115
\tagshift@=\dimen116
\tagwidth@=\dimen117
\totwidth@=\dimen118
\lineht@=\dimen119
\@envbody=\toks19
\multlinegap=\skip44
\multlinetaggap=\skip45
\mathdisplay@stack=\toks20
LaTeX Info: Redefining \[ on input line 2666.
LaTeX Info: Redefining \] on input line 2667.
)
(/usr/local/texlive/2012/texmf-dist/tex/latex/amscls/amsthm.sty
Package: amsthm 2009/07/02 v2.20.1
\thm@style=\toks21
\thm@bodyfont=\toks22
\thm@headfont=\toks23
\thm@notefont=\toks24
\thm@headpunct=\toks25
\thm@preskip=\skip46
\thm@postskip=\skip47
\thm@headsep=\skip48
\dth@everypar=\toks26
)
(/usr/local/texlive/2012/texmf-dist/tex/latex/graphics/graphicx.sty
Package: graphicx 1999/02/16 v1.0f Enhanced LaTeX Graphics (DPC,SPQR)

(/usr/local/texlive/2012/texmf-dist/tex/latex/graphics/graphics.sty
Package: graphics 2009/02/05 v1.0o Standard LaTeX Graphics (DPC,SPQR)

(/usr/local/texlive/2012/texmf-dist/tex/latex/graphics/trig.sty
Package: trig 1999/03/16 v1.09 sin cos tan (DPC)
)
(/usr/local/texlive/2012/texmf-dist/tex/latex/latexconfig/graphics.cfg
File: graphics.cfg 2010/04/23 v1.9 graphics configuration of TeX Live
)
Package graphics Info: Driver file: pdftex.def on input line 91.

(/usr/local/texlive/2012/texmf-dist/tex/latex/pdftex-def/pdftex.def
File: pdftex.def 2011/05/27 v0.06d Graphics/color for pdfTeX

(/usr/local/texlive/2012/texmf-dist/tex/generic/oberdiek/infwarerr.sty
Package: infwarerr 2010/04/08 v1.3 Providing info/warning/error messages (HO)
)
(/usr/local/texlive/2012/texmf-dist/tex/generic/oberdiek/ltxcmds.sty
Package: ltxcmds 2011/11/09 v1.22 LaTeX kernel commands for general use (HO)
)
\Gread@gobject=\count102
))
\Gin@req@height=\dimen120
\Gin@req@width=\dimen121
)
(/usr/local/texlive/2012/texmf-dist/tex/latex/amsfonts/amssymb.sty
Package: amssymb 2009/06/22 v3.00

(/usr/local/texlive/2012/texmf-dist/tex/latex/amsfonts/amsfonts.sty
Package: amsfonts 2009/06/22 v3.00 Basic AMSFonts support
\symAMSa=\mathgroup4
\symAMSb=\mathgroup5
LaTeX Font Info:    Overwriting math alphabet `\mathfrak' in version `bold'
(Font)                  U/euf/m/n --> U/euf/b/n on input line 96.
))
(/usr/local/texlive/2012/texmf-dist/tex/latex/subfig/subfig.sty
Package: subfig 2005/06/28 ver: 1.3 subfig package

(/usr/local/texlive/2012/texmf-dist/tex/latex/caption/caption.sty
Package: caption 2012/02/19 v3.2f Customizing captions (AR)

(/usr/local/texlive/2012/texmf-dist/tex/latex/caption/caption3.sty
Package: caption3 2012/01/12 v1.4b caption3 kernel (AR)
\captionmargin=\dimen122
\captionmargin@=\dimen123
\captionwidth=\dimen124
\caption@indent=\dimen125
\caption@parindent=\dimen126
\caption@hangindent=\dimen127
)
\c@ContinuedFloat=\count103
)
\c@KVtest=\count104
\sf@farskip=\skip49
\sf@captopadj=\dimen128
\sf@capskip=\skip50
\sf@nearskip=\skip51
\c@subfigure=\count105
\c@subfigure@save=\count106
\c@lofdepth=\count107
\c@subtable=\count108
\c@subtable@save=\count109
\c@lotdepth=\count110
\sf@top=\skip52
\sf@bottom=\skip53
)
(/usr/local/texlive/2012/texmf-dist/tex/latex/natbib/natbib.sty
Package: natbib 2010/09/13 8.31b (PWD, AO)
\bibhang=\skip54
\bibsep=\skip55
LaTeX Info: Redefining \cite on input line 694.
\c@NAT@ctr=\count111
)
(/usr/local/texlive/2012/texmf-dist/tex/latex/setspace/setspace.sty
Package: setspace 2011/12/19 v6.7a set line spacing
)
(./Daily_report.aux)
\openout1 = `Daily_report.aux'.

LaTeX Font Info:    Checking defaults for OML/cmm/m/it on input line 11.
LaTeX Font Info:    ... okay on input line 11.
LaTeX Font Info:    Checking defaults for T1/cmr/m/n on input line 11.
LaTeX Font Info:    ... okay on input line 11.
LaTeX Font Info:    Checking defaults for OT1/cmr/m/n on input line 11.
LaTeX Font Info:    ... okay on input line 11.
LaTeX Font Info:    Checking defaults for OMS/cmsy/m/n on input line 11.
LaTeX Font Info:    ... okay on input line 11.
LaTeX Font Info:    Checking defaults for OMX/cmex/m/n on input line 11.
LaTeX Font Info:    ... okay on input line 11.
LaTeX Font Info:    Checking defaults for U/cmr/m/n on input line 11.
LaTeX Font Info:    ... okay on input line 11.

*geometry* driver: auto-detecting
*geometry* detected driver: pdftex
*geometry* verbose mode - [ preamble ] result:
* driver: pdftex
* paper: letterpaper
* layout: <same size as paper>
* layoutoffset:(h,v)=(0.0pt,0.0pt)
* modes: 
* h-part:(L,W,R)=(72.26999pt, 469.75502pt, 72.26999pt)
* v-part:(T,H,B)=(72.26999pt, 650.43001pt, 72.26999pt)
* \paperwidth=614.295pt
* \paperheight=794.96999pt
* \textwidth=469.75502pt
* \textheight=650.43001pt
* \oddsidemargin=0.0pt
* \evensidemargin=0.0pt
* \topmargin=-37.0pt
* \headheight=12.0pt
* \headsep=25.0pt
* \topskip=12.0pt
* \footskip=30.0pt
* \marginparwidth=44.0pt
* \marginparsep=10.0pt
* \columnsep=10.0pt
* \skip\footins=10.8pt plus 4.0pt minus 2.0pt
* \hoffset=0.0pt
* \voffset=0.0pt
* \mag=1000
* \@twocolumnfalse
* \@twosidefalse
* \@mparswitchfalse
* \@reversemarginfalse
* (1in=72.27pt=25.4mm, 1cm=28.453pt)

(/usr/local/texlive/2012/texmf-dist/tex/context/base/supp-pdf.mkii
[Loading MPS to PDF converter (version 2006.09.02).]
\scratchcounter=\count112
\scratchdimen=\dimen129
\scratchbox=\box28
\nofMPsegments=\count113
\nofMParguments=\count114
\everyMPshowfont=\toks27
\MPscratchCnt=\count115
\MPscratchDim=\dimen130
\MPnumerator=\count116
\makeMPintoPDFobject=\count117
\everyMPtoPDFconversion=\toks28
) (/usr/local/texlive/2012/texmf-dist/tex/generic/oberdiek/pdftexcmds.sty
Package: pdftexcmds 2011/11/29 v0.20 Utility functions of pdfTeX for LuaTeX (HO
)

(/usr/local/texlive/2012/texmf-dist/tex/generic/oberdiek/ifluatex.sty
Package: ifluatex 2010/03/01 v1.3 Provides the ifluatex switch (HO)
Package ifluatex Info: LuaTeX not detected.
)
Package pdftexcmds Info: LuaTeX not detected.
Package pdftexcmds Info: \pdf@primitive is available.
Package pdftexcmds Info: \pdf@ifprimitive is available.
Package pdftexcmds Info: \pdfdraftmode found.
)
(/usr/local/texlive/2012/texmf-dist/tex/latex/oberdiek/epstopdf-base.sty
Package: epstopdf-base 2010/02/09 v2.5 Base part for package epstopdf

(/usr/local/texlive/2012/texmf-dist/tex/latex/oberdiek/grfext.sty
Package: grfext 2010/08/19 v1.1 Manage graphics extensions (HO)

(/usr/local/texlive/2012/texmf-dist/tex/generic/oberdiek/kvdefinekeys.sty
Package: kvdefinekeys 2011/04/07 v1.3 Define keys (HO)
))
(/usr/local/texlive/2012/texmf-dist/tex/latex/oberdiek/kvoptions.sty
Package: kvoptions 2011/06/30 v3.11 Key value format for package options (HO)

(/usr/local/texlive/2012/texmf-dist/tex/generic/oberdiek/kvsetkeys.sty
Package: kvsetkeys 2012/04/25 v1.16 Key value parser (HO)

(/usr/local/texlive/2012/texmf-dist/tex/generic/oberdiek/etexcmds.sty
Package: etexcmds 2011/02/16 v1.5 Avoid name clashes with e-TeX commands (HO)
Package etexcmds Info: Could not find \expanded.
(etexcmds)             That can mean that you are not using pdfTeX 1.50 or
(etexcmds)             that some package has redefined \expanded.
(etexcmds)             In the latter case, load this package earlier.
)))
Package grfext Info: Graphics extension search list:
(grfext)             [.png,.pdf,.jpg,.mps,.jpeg,.jbig2,.jb2,.PNG,.PDF,.JPG,.JPE
G,.JBIG2,.JB2,.eps]
(grfext)             \AppendGraphicsExtensions on input line 452.

(/usr/local/texlive/2012/texmf-dist/tex/latex/latexconfig/epstopdf-sys.cfg
File: epstopdf-sys.cfg 2010/07/13 v1.3 Configuration of (r)epstopdf for TeX Liv
e
))
Package caption Info: Begin \AtBeginDocument code.
Package caption Info: subfig package v1.3 is loaded.
Package caption Info: End \AtBeginDocument code.
LaTeX Font Info:    Try loading font information for U+msa on input line 29.

(/usr/local/texlive/2012/texmf-dist/tex/latex/amsfonts/umsa.fd
File: umsa.fd 2009/06/22 v3.00 AMS symbols A
)
LaTeX Font Info:    Try loading font information for U+msb on input line 29.

(/usr/local/texlive/2012/texmf-dist/tex/latex/amsfonts/umsb.fd
File: umsb.fd 2009/06/22 v3.00 AMS symbols B
)
<080314_1a.png, id=1, 214.401pt x 271.2534pt>
File: 080314_1a.png Graphic file (type png)
 <use 080314_1a.png>
Package pdftex.def Info: 080314_1a.png used on input line 35.
(pdftex.def)             Requested size: 234.8775pt x 297.17107pt.

<080314_1b.png, id=3, 205.2468pt x 271.2534pt>
File: 080314_1b.png Graphic file (type png)
 <use 080314_1b.png>
Package pdftex.def Info: 080314_1b.png used on input line 35.
(pdftex.def)             Requested size: 234.8775pt x 310.42825pt.
Missing character: There is no Õ in font cmr12!
Missing character: There is no Õ in font cmr12!

<080314_2a.png, id=4, 212.4738pt x 290.5254pt>
File: 080314_2a.png Graphic file (type png)
 <use 080314_2a.png>
Package pdftex.def Info: 080314_2a.png used on input line 47.
(pdftex.def)             Requested size: 234.8775pt x 321.16153pt.

<080314_2b.png, id=5, 204.765pt x 290.5254pt>
File: 080314_2b.png Graphic file (type png)
 <use 080314_2b.png>
Package pdftex.def Info: 080314_2b.png used on input line 47.
(pdftex.def)             Requested size: 234.8775pt x 333.27263pt.
Missing character: There is no Õ in font cmr12!
Missing character: There is no ± in font cmr12!
 [1


{/usr/local/texlive/2012/texmf-var/fonts/map/pdftex/updmap/pdftex.map}] [2 <./0
80314_1a.png> <./080314_1b.png>] [3 <./080314_2a.png> <./080314_2b.png>]
<080314_3.png, id=25, 433.62pt x 290.5254pt>
File: 080314_3.png Graphic file (type png)
 <use 080314_3.png>
Package pdftex.def Info: 080314_3.png used on input line 58.
(pdftex.def)             Requested size: 469.75502pt x 314.75133pt.
 [4 <./080314_3.png>]
Missing character: There is no Ò in font cmr12!
Missing character: There is no Ó in font cmr12!


Package caption Warning: \label without proper \caption on input line 80.
See the caption package documentation for explanation.


LaTeX Warning: Reference `fig:ophiolite' on page 5 undefined on input line 75.


Package caption Warning: \label without proper \caption on input line 87.
See the caption package documentation for explanation.


LaTeX Warning: Reference `fig:ultramafic' on page 5 undefined on input line 75.



Package caption Warning: \label without proper \caption on input line 94.
See the caption package documentation for explanation.


LaTeX Warning: Reference `fig:cumulate' on page 5 undefined on input line 75.


Underfull \hbox (badness 10000) in paragraph at lines 67--76

 []

<ophiolite_edited.pdf, id=30, 614.295pt x 794.97pt>
File: ophiolite_edited.pdf Graphic file (type pdf)
 <use ophiolite_edited.pdf>
Package pdftex.def Info: ophiolite_edited.pdf used on input line 79.
(pdftex.def)             Requested size: 375.80544pt x 443.88458pt.


LaTeX Warning: `h' float specifier changed to `ht'.

<ultramafic.jpg, id=32, 525.4029pt x 536.4843pt>
File: ultramafic.jpg Graphic file (type jpg)
 <use ultramafic.jpg>
Package pdftex.def Info: ultramafic.jpg used on input line 86.
(pdftex.def)             Requested size: 258.36668pt x 241.4416pt.


LaTeX Warning: `h' float specifier changed to `ht'.

<plutonic.jpg, id=34, 602.25pt x 567.11874pt>
File: plutonic.jpg Graphic file (type jpg)
 <use plutonic.jpg>
Package pdftex.def Info: plutonic.jpg used on input line 93.
(pdftex.def)             Requested size: 258.36668pt x 243.30247pt.


LaTeX Warning: `h' float specifier changed to `ht'.

[5

] <day2_stop4_map.png, id=38, 457.71pt x 436.63126pt>
File: day2_stop4_map.png Graphic file (type png)

<use day2_stop4_map.png>
Package pdftex.def Info: day2_stop4_map.png used on input line 146.
(pdftex.def)             Requested size: 234.8775pt x 224.05812pt.

<day2_stop4_fig1.pdf, id=39, 2817.52625pt x 1642.135pt>
File: day2_stop4_fig1.pdf Graphic file (type pdf)

<use day2_stop4_fig1.pdf>
Package pdftex.def Info: day2_stop4_fig1.pdf used on input line 146.
(pdftex.def)             Requested size: 234.8775pt x 136.886pt.
 [6]

Package caption Warning: \label without proper \caption on input line 166.
See the caption package documentation for explanation.


LaTeX Warning: Reference `fig:day2_stop5_fig1' on page 7 undefined on input lin
e 155.

<day2_stop5_photo1.jpg, id=46, 3203.97pt x 2426.06375pt>
File: day2_stop5_photo1.jpg Graphic file (type jpg)

<use day2_stop5_photo1.jpg>
Package pdftex.def Info: day2_stop5_photo1.jpg used on input line 165.
(pdftex.def)             Requested size: 258.36668pt x 195.60683pt.


LaTeX Warning: `h' float specifier changed to `ht'.


Package caption Warning: \label without proper \caption on input line 183.
See the caption package documentation for explanation.


LaTeX Warning: Reference `fig:day2_stop6_fig1' on page 7 undefined on input lin
e 174.


Package caption Warning: \label without proper \caption on input line 190.
See the caption package documentation for explanation.


LaTeX Warning: Reference `fig:day2_stop6_fig2' on page 7 undefined on input lin
e 178.

<day2_stop6_photo1.jpg, id=47, 2536.47626pt x 3571.3425pt>
File: day2_stop6_photo1.jpg Graphic file (type jpg)

<use day2_stop6_photo1.jpg>
Package pdftex.def Info: day2_stop6_photo1.jpg used on input line 182.
(pdftex.def)             Requested size: 258.36668pt x 363.74898pt.


LaTeX Warning: `h' float specifier changed to `ht'.

<day2_stop6_photo2.jpg, id=48, 4271.96pt x 2173.11874pt>
File: day2_stop6_photo2.jpg Graphic file (type jpg)

<use day2_stop6_photo2.jpg>
Package pdftex.def Info: day2_stop6_photo2.jpg used on input line 189.
(pdftex.def)             Requested size: 258.36668pt x 131.40942pt.


LaTeX Warning: `h' float specifier changed to `ht'.


Package caption Warning: \label without proper \caption on input line 207.
See the caption package documentation for explanation.


LaTeX Warning: Reference `fig:day2_stop7_photo1' on page 7 undefined on input l
ine 200.

[7] <day2_stop7_photo1.jpg, id=53, 1058.7555pt x 618.81187pt>
File: day2_stop7_photo1.jpg Graphic file (type jpg)

<use day2_stop7_photo1.jpg>
Package pdftex.def Info: day2_stop7_photo1.jpg used on input line 206.
(pdftex.def)             Requested size: 375.80544pt x 219.6467pt.


LaTeX Warning: `h' float specifier changed to `ht'.


Package caption Warning: \label without proper \caption on input line 222.
See the caption package documentation for explanation.


LaTeX Warning: Reference `fig:day2_stop8_fig1' on page 8 undefined on input lin
e 215.


Underfull \hbox (badness 10000) in paragraph at lines 212--218

 []

<day2_stop8_fig1.pdf, id=54, 3138.72626pt x 1053.9375pt>
File: day2_stop8_fig1.pdf Graphic file (type pdf)

<use day2_stop8_fig1.pdf>
Package pdftex.def Info: day2_stop8_fig1.pdf used on input line 221.
(pdftex.def)             Requested size: 375.80544pt x 126.17757pt.


LaTeX Warning: `h' float specifier changed to `ht'.

[8] [9 <./ophiolite_edited.pdf>] [10 <./ultramafic.jpg> <./plutonic.jpg>]
[11 <./day2_stop4_map.png> <./day2_stop4_fig1.pdf> <./day2_stop5_photo1.jpg>]
[12 <./day2_stop6_photo1.jpg> <./day2_stop6_photo2.jpg>] [13 <./day2_stop7_phot
o1.jpg> <./day2_stop8_fig1.pdf>]
Underfull \hbox (badness 10000) in paragraph at lines 230--239

 []


Package caption Warning: \label without proper \caption on input line 246.
See the caption package documentation for explanation.


LaTeX Warning: Reference `Fig:080514_1' on page 14 undefined on input line 241.


<080514_1.png, id=111, 433.62pt x 325.215pt>
File: 080514_1.png Graphic file (type png)
 <use 080514_1.png>
Package pdftex.def Info: 080514_1.png used on input line 245.
(pdftex.def)             Requested size: 375.80544pt x 281.86784pt.
Missing character: There is no Õ in font cmr12!
Missing character: There is no Õ in font cmr12!

Underfull \hbox (badness 10000) in paragraph at lines 250--254

 []


Underfull \hbox (badness 10000) in paragraph at lines 250--254

 []


Underfull \hbox (badness 10000) in paragraph at lines 250--254

 []

[14

 <./080514_1.png>]

LaTeX Warning: Reference `080514_2' on page 15 undefined on input line 257.

[15] <080514_2.png, id=119, 433.62pt x 325.215pt>
File: 080514_2.png Graphic file (type png)
 <use 080514_2.png>
Package pdftex.def Info: 080514_2.png used on input line 261.
(pdftex.def)             Requested size: 375.80544pt x 281.86784pt.

Overfull \hbox (0.25557pt too wide) in paragraph at lines 267--268
\OT1/cmr/m/n/12 EW strik-ing quartz veins and faults (180/57W) with fo-li-a-tio
n dip-ping to the north (253/56N).
 []


Package caption Warning: \label without proper \caption on input line 277.
See the caption package documentation for explanation.


LaTeX Warning: Reference `Fig:080514_4' on page 16 undefined on input line 270.



Package caption Warning: \label without proper \caption on input line 277.
See the caption package documentation for explanation.


LaTeX Warning: Reference `Fig:080514_4' on page 16 undefined on input line 270.


[16 <./080514_2.png>] <080514_4a.png, id=124, 433.62pt x 277.035pt>
File: 080514_4a.png Graphic file (type png)

<use 080514_4a.png>
Package pdftex.def Info: 080514_4a.png used on input line 276.
(pdftex.def)             Requested size: 234.8775pt x 150.06166pt.
 <080514_4b.png, id=125, 433.62pt x 290.5254pt>
File: 080514_4b.png Graphic file (type png)

<use 080514_4b.png>
Package pdftex.def Info: 080514_4b.png used on input line 276.
(pdftex.def)             Requested size: 234.8775pt x 157.369pt.
 [17 <./080514_4a.png> <./080514_4b.png>]
Underfull \hbox (badness 10000) in paragraph at lines 284--299

 []


Underfull \hbox (badness 10000) in paragraph at lines 284--299

 []

Missing character: There is no Õ in font cmr12!

Package caption Warning: \label without proper \caption on input line 306.
See the caption package documentation for explanation.


LaTeX Warning: Reference `Fig:stop1a' on page 18 undefined on input line 301.

<STOP1A.jpg, id=131, 3276.24pt x 2457.18pt>
File: STOP1A.jpg Graphic file (type jpg)
 <use STOP1A.jpg>
Package pdftex.def Info: STOP1A.jpg used on input line 305.
(pdftex.def)             Requested size: 375.80544pt x 281.83864pt.


LaTeX Warning: `h' float specifier changed to `ht'.


Package caption Warning: \label without proper \caption on input line 316.
See the caption package documentation for explanation.


LaTeX Warning: Reference `Fig:stop2a' on page 18 undefined on input line 311.

[18

] <STOP2A.jpg, id=135, 902.37125pt x 1203.49625pt>
File: STOP2A.jpg Graphic file (type jpg)
 <use STOP2A.jpg>
Package pdftex.def Info: STOP2A.jpg used on input line 315.
(pdftex.def)             Requested size: 234.8775pt x 313.25055pt.


LaTeX Warning: `h' float specifier changed to `ht'.


Package caption Warning: \label without proper \caption on input line 328.
See the caption package documentation for explanation.


LaTeX Warning: Reference `Fig:stop3' on page 19 undefined on input line 321.

<STOP3A.jpg, id=136, 3276.24pt x 2457.18pt>
File: STOP3A.jpg Graphic file (type jpg)
 <use STOP3A.jpg>
Package pdftex.def Info: STOP3A.jpg used on input line 327.
(pdftex.def)             Requested size: 234.8775pt x 176.14445pt.

<STOP3B.jpg, id=137, 3276.24pt x 2457.18pt>
File: STOP3B.jpg Graphic file (type jpg)
 <use STOP3B.jpg>
Package pdftex.def Info: STOP3B.jpg used on input line 327.
(pdftex.def)             Requested size: 234.8775pt x 176.14445pt.


LaTeX Warning: `h' float specifier changed to `ht'.


Package caption Warning: \label without proper \caption on input line 338.
See the caption package documentation for explanation.


LaTeX Warning: Reference `Fig:stop4a' on page 19 undefined on input line 333.

<STOP4A.jpg, id=138, 3276.24pt x 2457.18pt>
File: STOP4A.jpg Graphic file (type jpg)
 <use STOP4A.jpg>
Package pdftex.def Info: STOP4A.jpg used on input line 337.
(pdftex.def)             Requested size: 375.80544pt x 281.83864pt.


LaTeX Warning: `h' float specifier changed to `ht'.


Package caption Warning: \label without proper \caption on input line 350.
See the caption package documentation for explanation.


LaTeX Warning: Reference `Fig:stop5' on page 19 undefined on input line 343.

[19 <./STOP1A.jpg>] <STOP5A.jpg, id=143, 3276.24pt x 2457.18pt>
File: STOP5A.jpg Graphic file (type jpg)

<use STOP5A.jpg>
Package pdftex.def Info: STOP5A.jpg used on input line 349.
(pdftex.def)             Requested size: 234.8775pt x 176.14445pt.
 <STOP5B.jpg, id=144, 2457.18pt x 3276.24pt>
File: STOP5B.jpg Graphic file (type jpg)
 <use STOP5B.jpg>
Package pdftex.def Info: STOP5B.jpg used on input line 349.
(pdftex.def)             Requested size: 234.8775pt x 313.1457pt.


LaTeX Warning: `h' float specifier changed to `ht'.


Package caption Warning: \label without proper \caption on input line 362.
See the caption package documentation for explanation.


LaTeX Warning: Reference `Fig:stop6' on page 20 undefined on input line 355.

<STOP6A.jpg, id=145, 2457.18pt x 3276.24pt>
File: STOP6A.jpg Graphic file (type jpg)
 <use STOP6A.jpg>
Package pdftex.def Info: STOP6A.jpg used on input line 361.
(pdftex.def)             Requested size: 234.8775pt x 313.1457pt.

<STOP6B.jpg, id=146, 3276.24pt x 2457.18pt>
File: STOP6B.jpg Graphic file (type jpg)
 <use STOP6B.jpg>
Package pdftex.def Info: STOP6B.jpg used on input line 361.
(pdftex.def)             Requested size: 234.8775pt x 176.14445pt.
 [20 <./STOP2A.jpg>]

LaTeX Warning: `h' float specifier changed to `ht'.


Package caption Warning: \label without proper \caption on input line 374.
See the caption package documentation for explanation.


LaTeX Warning: Reference `Fig:stop7' on page 21 undefined on input line 367.

<STOP7A.jpg, id=150, 3276.24pt x 2457.18pt>
File: STOP7A.jpg Graphic file (type jpg)
 <use STOP7A.jpg>
Package pdftex.def Info: STOP7A.jpg used on input line 373.
(pdftex.def)             Requested size: 234.8775pt x 176.14445pt.

<STOP7B.jpg, id=151, 3276.24pt x 2457.18pt>
File: STOP7B.jpg Graphic file (type jpg)
 <use STOP7B.jpg>
Package pdftex.def Info: STOP7B.jpg used on input line 373.
(pdftex.def)             Requested size: 234.8775pt x 176.14445pt.


LaTeX Warning: `h' float specifier changed to `ht'.


Package caption Warning: \label without proper \caption on input line 385.
See the caption package documentation for explanation.


LaTeX Warning: Reference `Fig:stop8a' on page 21 undefined on input line 379.


Package caption Warning: \label without proper \caption on input line 395.
See the caption package documentation for explanation.


LaTeX Warning: Reference `Fig:stop8bc' on page 21 undefined on input line 379.

<STOP8A.jpg, id=152, 8784.82pt x 2350.7825pt>
File: STOP8A.jpg Graphic file (type jpg)
 <use STOP8A.jpg>
Package pdftex.def Info: STOP8A.jpg used on input line 384.
(pdftex.def)             Requested size: 469.75502pt x 125.68849pt.


LaTeX Warning: `h' float specifier changed to `ht'.

<STOP8B.jpg, id=153, 2457.18pt x 3276.24pt>
File: STOP8B.jpg Graphic file (type jpg)
 <use STOP8B.jpg>
Package pdftex.def Info: STOP8B.jpg used on input line 394.
(pdftex.def)             Requested size: 234.8775pt x 313.1457pt.

<STOP8C.jpg, id=154, 3276.24pt x 2457.18pt>
File: STOP8C.jpg Graphic file (type jpg)
 <use STOP8C.jpg>
Package pdftex.def Info: STOP8C.jpg used on input line 394.
(pdftex.def)             Requested size: 234.8775pt x 176.14445pt.


LaTeX Warning: `h' float specifier changed to `ht'.


Package caption Warning: \label without proper \caption on input line 405.
See the caption package documentation for explanation.


LaTeX Warning: Reference `Fig:stop9a' on page 21 undefined on input line 400.

[21 <./STOP3A.jpg> <./STOP3B.jpg>]
<STOP9A.jpg, id=158, 902.37125pt x 1203.49625pt>
File: STOP9A.jpg Graphic file (type jpg)
 <use STOP9A.jpg>
Package pdftex.def Info: STOP9A.jpg used on input line 404.
(pdftex.def)             Requested size: 234.8775pt x 313.25055pt.


LaTeX Warning: `h' float specifier changed to `ht'.

[22 <./STOP4A.jpg>] [23 <./STOP5A.jpg> <./STOP5B.jpg>] [24 <./STOP6A.jpg> <./ST
OP6B.jpg> <./STOP7A.jpg> <./STOP7B.jpg>] [25 <./STOP8A.jpg> <./STOP8B.jpg> <./S
TOP8C.jpg>] [26 <./STOP9A.jpg>] [27

]

Package caption Warning: \label without proper \caption on input line 526.
See the caption package documentation for explanation.


LaTeX Warning: Reference `Fig:080814_9' on page 28 undefined on input line 433.



Underfull \hbox (badness 10000) in paragraph at lines 418--437

 []


Underfull \hbox (badness 10000) in paragraph at lines 418--437

 []


Package caption Warning: \label without proper \caption on input line 446.
See the caption package documentation for explanation.


LaTeX Warning: Reference `Fig:080814_1' on page 28 undefined on input line 441.



Underfull \hbox (badness 10000) in paragraph at lines 439--442

 []

[28

] <080814_1.png, id=182, 433.62pt x 319.4334pt>
File: 080814_1.png Graphic file (type png)
 <use 080814_1.png>
Package pdftex.def Info: 080814_1.png used on input line 445.
(pdftex.def)             Requested size: 375.80544pt x 276.85686pt.


Package caption Warning: \label without proper \caption on input line 458.
See the caption package documentation for explanation.


LaTeX Warning: Reference `Fig:080814_2' on page 29 undefined on input line 453.


Missing character: There is no ¼ in font cmr12!

Underfull \hbox (badness 10000) in paragraph at lines 453--454

 []

<080814_2.png, id=183, 433.62pt x 277.035pt>
File: 080814_2.png Graphic file (type png)
 <use 080814_2.png>
Package pdftex.def Info: 080814_2.png used on input line 457.
(pdftex.def)             Requested size: 375.80544pt x 240.10965pt.


LaTeX Warning: `h' float specifier changed to `ht'.

[29 <./080814_1.png>]

Package caption Warning: \label without proper \caption on input line 472.
See the caption package documentation for explanation.


LaTeX Warning: Reference `Fig:080814_3' on page 30 undefined on input line 467.


<080814_3.png, id=188, 433.62pt x 434.5836pt>
File: 080814_3.png Graphic file (type png)
 <use 080814_3.png>
Package pdftex.def Info: 080814_3.png used on input line 471.
(pdftex.def)             Requested size: 375.80544pt x 376.65897pt.


LaTeX Warning: `h' float specifier changed to `ht'.


Underfull \hbox (badness 10000) in paragraph at lines 477--481

 []


Underfull \hbox (badness 10000) in paragraph at lines 477--481

 []

[30 <./080814_2.png>]

Package caption Warning: \label without proper \caption on input line 489.
See the caption package documentation for explanation.


LaTeX Warning: Reference `Fig:080814_5' on page 31 undefined on input line 484.


[31 <./080814_3.png>] <080814_5.png, id=198, 433.62pt x 256.7994pt>
File: 080814_5.png Graphic file (type png)

<use 080814_5.png>
Package pdftex.def Info: 080814_5.png used on input line 488.
(pdftex.def)             Requested size: 375.80544pt x 222.5712pt.


Package caption Warning: \label without proper \caption on input line 499.
See the caption package documentation for explanation.


LaTeX Warning: Reference `Fig:080814_6' on page 32 undefined on input line 494.


<080814_6.png, id=199, 433.62pt x 221.1462pt>
File: 080814_6.png Graphic file (type png)
 <use 080814_6.png>
Package pdftex.def Info: 080814_6.png used on input line 498.
(pdftex.def)             Requested size: 375.80544pt x 191.67012pt.

Underfull \hbox (badness 10000) in paragraph at lines 504--507

 []

[32 <./080814_5.png> <./080814_6.png>]

Package caption Warning: \label without proper \caption on input line 514.
See the caption package documentation for explanation.


LaTeX Warning: Reference `Fig:080814_8' on page 33 undefined on input line 509.


<080814_8.png, id=205, 433.62pt x 266.4354pt>
File: 080814_8.png Graphic file (type png)
 <use 080814_8.png>
Package pdftex.def Info: 080814_8.png used on input line 513.
(pdftex.def)             Requested size: 375.80544pt x 230.92284pt.

Underfull \hbox (badness 10000) in paragraph at lines 519--522

 []

<080814_9.png, id=206, 433.62pt x 248.127pt>
File: 080814_9.png Graphic file (type png)
 <use 080814_9.png>
Package pdftex.def Info: 080814_9.png used on input line 525.
(pdftex.def)             Requested size: 375.80544pt x 215.05472pt.


LaTeX Warning: `h' float specifier changed to `ht'.

[33 <./080814_8.png>] [34 <./080814_9.png>] [35

]
<./stop1/1_1.jpg, id=218, 2406.9925pt x 1804.7425pt>
File: ./stop1/1_1.jpg Graphic file (type jpg)
 <use ./stop1/1_1.jpg>
Package pdftex.def Info: ./stop1/1_1.jpg used on input line 554.
(pdftex.def)             Requested size: 216.81pt x 162.55751pt.

<./stop1/1_2.jpg, id=219, 2406.9925pt x 1804.7425pt>
File: ./stop1/1_2.jpg Graphic file (type jpg)
 <use ./stop1/1_2.jpg>
Package pdftex.def Info: ./stop1/1_2.jpg used on input line 555.
(pdftex.def)             Requested size: 216.81pt x 162.55751pt.

[36

 <./stop1/1_1.jpg> <./stop1/1_2.jpg>]
<./stop2/2_1.jpg, id=224, 2406.9925pt x 1804.7425pt>
File: ./stop2/2_1.jpg Graphic file (type jpg)
 <use ./stop2/2_1.jpg>
Package pdftex.def Info: ./stop2/2_1.jpg used on input line 566.
(pdftex.def)             Requested size: 361.34999pt x 270.92pt.

Underfull \hbox (badness 10000) in paragraph at lines 573--584

 []


Underfull \hbox (badness 10000) in paragraph at lines 573--584

 []


Underfull \hbox (badness 10000) in paragraph at lines 573--584

 []


Underfull \hbox (badness 10000) in paragraph at lines 573--584

 []


Underfull \hbox (badness 10000) in paragraph at lines 573--584

 []

[37 <./stop2/2_1.jpg>] <./stop3/3_1.jpg, id=229, 2406.9925pt x 1804.7425pt>
File: ./stop3/3_1.jpg Graphic file (type jpg)

<use ./stop3/3_1.jpg>
Package pdftex.def Info: ./stop3/3_1.jpg used on input line 587.
(pdftex.def)             Requested size: 361.34999pt x 270.92pt.
 <./stop3/3_2.jpg, id=230, 2406.9925pt x 1804.7425pt>
File: ./stop3/3_2.jpg Graphic file (type jpg)

<use ./stop3/3_2.jpg>
Package pdftex.def Info: ./stop3/3_2.jpg used on input line 594.
(pdftex.def)             Requested size: 361.34999pt x 270.92pt.
 [38 <./stop3/3_1.jpg>]
<./stop4/4_1.jpg, id=234, 2406.9925pt x 1804.7425pt>
File: ./stop4/4_1.jpg Graphic file (type jpg)
 <use ./stop4/4_1.jpg>
Package pdftex.def Info: ./stop4/4_1.jpg used on input line 606.
(pdftex.def)             Requested size: 216.81pt x 162.55751pt.

<./stop4/4_2.jpg, id=235, 1804.7425pt x 2406.9925pt>
File: ./stop4/4_2.jpg Graphic file (type jpg)
 <use ./stop4/4_2.jpg>
Package pdftex.def Info: ./stop4/4_2.jpg used on input line 607.
(pdftex.def)             Requested size: 216.81pt x 289.15718pt.

<./stop5/5_1.jpg, id=236, 2406.9925pt x 1804.7425pt>
File: ./stop5/5_1.jpg Graphic file (type jpg)
 <use ./stop5/5_1.jpg>
Package pdftex.def Info: ./stop5/5_1.jpg used on input line 618.
(pdftex.def)             Requested size: 361.34999pt x 270.92pt.

[39 <./stop3/3_2.jpg>] [40 <./stop4/4_1.jpg> <./stop4/4_2.jpg> <./stop5/5_1.jpg
>] <./stop7/7_1.jpg, id=243, 1804.7425pt x 2406.9925pt>
File: ./stop7/7_1.jpg Graphic file (type jpg)
 <use ./stop7/7_1.jpg>
Package pdftex.def Info: ./stop7/7_1.jpg used on input line 631.
(pdftex.def)             Requested size: 361.34999pt x 481.90416pt.

<./stop8/8_1.jpg, id=244, 2406.9925pt x 1804.7425pt>
File: ./stop8/8_1.jpg Graphic file (type jpg)
 <use ./stop8/8_1.jpg>
Package pdftex.def Info: ./stop8/8_1.jpg used on input line 644.
(pdftex.def)             Requested size: 216.81pt x 162.55751pt.

<./stop8/8_2.jpg, id=245, 2406.9925pt x 1804.7425pt>
File: ./stop8/8_2.jpg Graphic file (type jpg)
 <use ./stop8/8_2.jpg>
Package pdftex.def Info: ./stop8/8_2.jpg used on input line 645.
(pdftex.def)             Requested size: 216.81pt x 162.55751pt.

<./stop8/8_3.jpg, id=246, 1804.7425pt x 2406.9925pt>
File: ./stop8/8_3.jpg Graphic file (type jpg)
 <use ./stop8/8_3.jpg>
Package pdftex.def Info: ./stop8/8_3.jpg used on input line 652.
(pdftex.def)             Requested size: 216.81pt x 289.15718pt.

<./stop8/8_4.jpg, id=247, 1804.7425pt x 2406.9925pt>
File: ./stop8/8_4.jpg Graphic file (type jpg)
 <use ./stop8/8_4.jpg>
Package pdftex.def Info: ./stop8/8_4.jpg used on input line 653.
(pdftex.def)             Requested size: 216.81pt x 289.15718pt.

<./stop9/9_1.jpg, id=248, 2406.9925pt x 1804.7425pt>
File: ./stop9/9_1.jpg Graphic file (type jpg)
 <use ./stop9/9_1.jpg>
Package pdftex.def Info: ./stop9/9_1.jpg used on input line 664.
(pdftex.def)             Requested size: 361.34999pt x 270.92pt.

<./stop10/10_1.jpg, id=249, 2406.9925pt x 1804.7425pt>
File: ./stop10/10_1.jpg Graphic file (type jpg)
 <use ./stop10/10_1.jpg>
Package pdftex.def Info: ./stop10/10_1.jpg used on input line 675.
(pdftex.def)             Requested size: 361.34999pt x 270.92pt.

<./stop11/11_1.jpg, id=250, 2406.9925pt x 1804.7425pt>
File: ./stop11/11_1.jpg Graphic file (type jpg)
 <use ./stop11/11_1.jpg>
Package pdftex.def Info: ./stop11/11_1.jpg used on input line 682.
(pdftex.def)             Requested size: 361.34999pt x 270.92pt.

[41] [42 <./stop7/7_1.jpg>] [43 <./stop8/8_1.jpg> <./stop8/8_2.jpg> <./stop8/8_
3.jpg> <./stop8/8_4.jpg>] [44 <./stop9/9_1.jpg> <./stop10/10_1.jpg>] [45 <./sto
p11/11_1.jpg>] [46

]

Package caption Warning: \label without proper \caption on input line 711.
See the caption package documentation for explanation.


LaTeX Warning: Reference `Fig:081214_1' on page 47 undefined on input line 705.



Underfull \hbox (badness 10000) in paragraph at lines 705--707

 []


Underfull \hbox (badness 10000) in paragraph at lines 705--707

 []


Underfull \hbox (badness 10000) in paragraph at lines 705--707

 []

<081214_1.png, id=270, 377.2494pt x 260.6538pt>
File: 081214_1.png Graphic file (type png)
 <use 081214_1.png>
Package pdftex.def Info: 081214_1.png used on input line 710.
(pdftex.def)             Requested size: 375.80544pt x 259.67473pt.

<081214_2a.png, id=271, 196.0926pt x 203.3196pt>
File: 081214_2a.png Graphic file (type png)
 <use 081214_2a.png>
Package pdftex.def Info: 081214_2a.png used on input line 719.
(pdftex.def)             Requested size: 234.8775pt x 243.55104pt.

<081214_2b.png, id=272, 209.583pt x 202.356pt>
File: 081214_2b.png Graphic file (type png)
 <use 081214_2b.png>
Package pdftex.def Info: 081214_2b.png used on input line 719.
(pdftex.def)             Requested size: 234.8775pt x 226.78229pt.


Package caption Warning: \label without proper \caption on input line 742.
See the caption package documentation for explanation.


LaTeX Warning: Reference `Fig:081214_3' on page 47 undefined on input line 735.


[47

 <./081214_1.png>] [48 <./081214_2a.png> <./081214_2b.png>]
<081214_3.png, id=282, 185.493pt x 188.8656pt>
File: 081214_3.png Graphic file (type png)
 <use 081214_3.png>
Package pdftex.def Info: 081214_3.png used on input line 741.
(pdftex.def)             Requested size: 234.8775pt x 239.15634pt.


Package caption Warning: \label without proper \caption on input line 756.
See the caption package documentation for explanation.


LaTeX Warning: Reference `Fig:081214_4' on page 49 undefined on input line 748.



Underfull \hbox (badness 10000) in paragraph at lines 748--752

 []


Underfull \hbox (badness 10000) in paragraph at lines 748--752

 []


Underfull \hbox (badness 10000) in paragraph at lines 748--752

 []

[49 <./081214_3.png>] <081214_4.png, id=288, 413.8662pt x 310.2792pt>
File: 081214_4.png Graphic file (type png)

<use 081214_4.png>
Package pdftex.def Info: 081214_4.png used on input line 755.
(pdftex.def)             Requested size: 375.80544pt x 281.75797pt.
 [50 <./081214_4.png>]
Missing character: There is no Ð in font cmr12!
Missing character: There is no Ð in font cmr12!


Package caption Warning: \label without proper \caption on input line 778.
See the caption package documentation for explanation.


LaTeX Warning: Reference `Fig:081314_1' on page 51 undefined on input line 773.



Underfull \hbox (badness 10000) in paragraph at lines 773--774

 []


Underfull \hbox (badness 10000) in paragraph at lines 773--774

 []

<081314_1.png, id=293, 433.62pt x 239.4546pt>
File: 081314_1.png Graphic file (type png)
 <use 081314_1.png>
Package pdftex.def Info: 081314_1.png used on input line 777.
(pdftex.def)             Requested size: 375.80544pt x 207.53825pt.
Missing character: There is no Ð in font cmr12!
Missing character: There is no Ð in font cmr12!

Underfull \hbox (badness 10000) in paragraph at lines 782--784

 []

[51

 <./081314_1.png>] <081314_2.png, id=298, 217.7736pt x 145.5036pt>
File: 081314_2.png Graphic file (type png)

<use 081314_2.png>
Package pdftex.def Info: 081314_2.png used on input line 790.
(pdftex.def)             Requested size: 140.92793pt x 94.16103pt.
 <081314_3.png, id=299, 144.54pt x 216.3282pt>
File: 081314_3.png Graphic file (type png)

<use 081314_3.png>
Package pdftex.def Info: 081314_3.png used on input line 790.
(pdftex.def)             Requested size: 140.92793pt x 210.93399pt.
 <081314_4.png, id=300, 244.2726pt x 162.8484pt>
File: 081314_4.png Graphic file (type png)

<use 081314_4.png>
Package pdftex.def Info: 081314_4.png used on input line 790.
(pdftex.def)             Requested size: 140.92793pt x 93.95268pt.
Missing character: There is no Ò in font cmr12!
Missing character: There is no Ó in font cmr12!
Missing character: There is no Ò in font cmr12!
Missing character: There is no Ó in font cmr12!


Package caption Warning: \label without proper \caption on input line 803.
See the caption package documentation for explanation.


LaTeX Warning: Reference `Fig:081314_3' on page 52 undefined on input line 798.



Underfull \hbox (badness 10000) in paragraph at lines 796--799

 []


Underfull \hbox (badness 10000) in paragraph at lines 796--799

 []

[52 <./081314_2.png> <./081314_3.png> <./081314_4.png>]
<081314_5.png, id=307, 433.62pt x 325.215pt>
File: 081314_5.png Graphic file (type png)
 <use 081314_5.png>
Package pdftex.def Info: 081314_5.png used on input line 802.
(pdftex.def)             Requested size: 375.80544pt x 281.86784pt.
 [53 <./081314_5.png>] [54

] (./Daily_report.bbl
Underfull \hbox (badness 3460) in paragraph at lines 9--14
[]\OT1/cmr/m/n/12 D. Tucker.  Fi-dalgo ophi-o-lite.  \OT1/cmr/m/it/12 North-wes
t Ge-ol-ogy Field Trips\OT1/cmr/m/n/12 , 2014.  URL
 []

) [55

] (./Daily_report.aux)

LaTeX Warning: There were undefined references.

 ) 
Here is how much of TeX's memory you used:
 4840 strings out of 493488
 70986 string characters out of 3141326
 138491 words of memory out of 3000000
 8006 multiletter control sequences out of 15000+200000
 12018 words of font info for 47 fonts, out of 3000000 for 9000
 957 hyphenation exceptions out of 8191
 44i,10n,51p,1333b,371s stack positions out of 5000i,500n,10000p,200000b,50000s
</usr/local/texlive/2012/texmf-dist/fonts/type1/public/amsfonts/cm/cmbx12.pfb
></usr/local/texlive/2012/texmf-dist/fonts/type1/public/amsfonts/cm/cmmi12.pfb>
</usr/local/texlive/2012/texmf-dist/fonts/type1/public/amsfonts/cm/cmr10.pfb></
usr/local/texlive/2012/texmf-dist/fonts/type1/public/amsfonts/cm/cmr12.pfb></us
r/local/texlive/2012/texmf-dist/fonts/type1/public/amsfonts/cm/cmr7.pfb></usr/l
ocal/texlive/2012/texmf-dist/fonts/type1/public/amsfonts/cm/cmr8.pfb></usr/loca
l/texlive/2012/texmf-dist/fonts/type1/public/amsfonts/cm/cmsy10.pfb></usr/local
/texlive/2012/texmf-dist/fonts/type1/public/amsfonts/cm/cmsy8.pfb></usr/local/t
exlive/2012/texmf-dist/fonts/type1/public/amsfonts/cm/cmti12.pfb></usr/local/te
xlive/2012/texmf-dist/fonts/type1/public/amsfonts/cm/cmtt12.pfb>
Output written on Daily_report.pdf (55 pages, 78542735 bytes).
PDF statistics:
 356 PDF objects out of 1000 (max. 8388607)
 183 compressed objects within 2 object streams
 0 named destinations out of 1000 (max. 500000)
 348 words of extra memory for PDF output out of 10000 (max. 10000000)

